# JRE version: OpenJDK Runtime Environment GraalVM CE 22.2.0 (17.0.4+8) (build 17.0.4+8-jvmci-22.2-b06)
# Java VM: OpenJDK 64-Bit Server VM GraalVM CE 22.2.0 (17.0.4+8-jvmci-22.2-b06, mixed mode, sharing, tiered, jvmci, jvmci compiler, compressed oops, compressed class ptrs, g1 gc, windows-amd64)
GC Precious Log:
 CPUs: 2 total, 2 available
 Memory: 11875M
 Large Page Support: Disabled
 NUMA Support: Disabled
 Compressed Oops: Enabled (Zero based)
 Heap Region Size: 2M
 Heap Min Capacity: 8M
 Heap Initial Capacity: 186M
 Heap Max Capacity: 2970M
 Pre-touch: Disabled
 Parallel Workers: 2
 Concurrent Workers: 1
 Concurrent Refinement Workers: 2
 Periodic GC: Disabled
Heap:
 garbage-first heap   total 358400K, used 126183K [0x0000000746600000, 0x0000000800000000)
  region size 2048K, 15 young (30720K), 5 survivors (10240K)
 Metaspace       used 26600K, committed 26816K, reserved 1073152K
  class space    used 2458K, committed 2560K, reserved 1048576K
GC Heap History (20 events):
Event: 3425.112 GC heap before
{Heap before GC invocations=113 (full 2):
 garbage-first heap   total 358400K, used 230888K [0x0000000746600000, 0x0000000800000000)
  region size 2048K, 37 young (75776K), 6 survivors (12288K)
 Metaspace       used 26249K, committed 26496K, reserved 1073152K
  class space    used 2458K, committed 2560K, reserved 1048576K
}
Event: 3425.123 GC heap after
{Heap after GC invocations=114 (full 2):
 garbage-first heap   total 358400K, used 129508K [0x0000000746600000, 0x0000000800000000)
  region size 2048K, 6 young (12288K), 6 survivors (12288K)
 Metaspace       used 26249K, committed 26496K, reserved 1073152K
  class space    used 2458K, committed 2560K, reserved 1048576K
}
Event: 3425.977 GC heap before
{Heap before GC invocations=114 (full 2):
 garbage-first heap   total 358400K, used 141796K [0x0000000746600000, 0x0000000800000000)
  region size 2048K, 9 young (18432K), 6 survivors (12288K)
 Metaspace       used 26249K, committed 26496K, reserved 1073152K
  class space    used 2458K, committed 2560K, reserved 1048576K
}
Event: 3425.990 GC heap after
{Heap after GC invocations=115 (full 2):
 garbage-first heap   total 358400K, used 70873K [0x0000000746600000, 0x0000000800000000)
  region size 2048K, 7 young (14336K), 7 survivors (14336K)
 Metaspace       used 26249K, committed 26496K, reserved 1073152K
  class space    used 2458K, committed 2560K, reserved 1048576K
}
Event: 3747.332 GC heap before
{Heap before GC invocations=115 (full 2):
 garbage-first heap   total 358400K, used 271577K [0x0000000746600000, 0x0000000800000000)
  region size 2048K, 58 young (118784K), 7 survivors (14336K)
 Metaspace       used 26350K, committed 26624K, reserved 1073152K
  class space    used 2458K, committed 2560K, reserved 1048576K
}
Event: 3747.347 GC heap after
{Heap after GC invocations=116 (full 2):
 garbage-first heap   total 358400K, used 152009K [0x0000000746600000, 0x0000000800000000)
  region size 2048K, 6 young (12288K), 6 survivors (12288K)
 Metaspace       used 26350K, committed 26624K, reserved 1073152K
  class space    used 2458K, committed 2560K, reserved 1048576K
}
Event: 3747.422 GC heap before
{Heap before GC invocations=116 (full 2):
 garbage-first heap   total 358400K, used 154057K [0x0000000746600000, 0x0000000800000000)
  region size 2048K, 7 young (14336K), 6 survivors (12288K)
 Metaspace       used 26350K, committed 26624K, reserved 1073152K
  class space    used 2458K, committed 2560K, reserved 1048576K
}
Event: 3747.435 GC heap after
{Heap after GC invocations=117 (full 2):
 garbage-first heap   total 358400K, used 53965K [0x0000000746600000, 0x0000000800000000)
  region size 2048K, 5 young (10240K), 5 survivors (10240K)
 Metaspace       used 26350K, committed 26624K, reserved 1073152K
  class space    used 2458K, committed 2560K, reserved 1048576K
}
Event: 3758.881 GC heap before
{Heap before GC invocations=117 (full 2):
 garbage-first heap   total 358400K, used 252621K [0x0000000746600000, 0x0000000800000000)
  region size 2048K, 49 young (100352K), 5 survivors (10240K)
 Metaspace       used 26356K, committed 26624K, reserved 1073152K
  class space    used 2458K, committed 2560K, reserved 1048576K
}
Event: 3758.890 GC heap after
{Heap after GC invocations=118 (full 2):
 garbage-first heap   total 358400K, used 165032K [0x0000000746600000, 0x0000000800000000)
  region size 2048K, 5 young (10240K), 5 survivors (10240K)
 Metaspace       used 26356K, committed 26624K, reserved 1073152K
  class space    used 2458K, committed 2560K, reserved 1048576K
}
Event: 3759.841 GC heap before
{Heap before GC invocations=118 (full 2):
 garbage-first heap   total 358400K, used 171176K [0x0000000746600000, 0x0000000800000000)
  region size 2048K, 7 young (14336K), 5 survivors (10240K)
 Metaspace       used 26356K, committed 26624K, reserved 1073152K
  class space    used 2458K, committed 2560K, reserved 1048576K
}
Event: 3759.850 GC heap after
{Heap after GC invocations=119 (full 2):
 garbage-first heap   total 358400K, used 60279K [0x0000000746600000, 0x0000000800000000)
  region size 2048K, 4 young (8192K), 4 survivors (8192K)
 Metaspace       used 26356K, committed 26624K, reserved 1073152K
  class space    used 2458K, committed 2560K, reserved 1048576K
}
Event: 4184.198 GC heap before
{Heap before GC invocations=119 (full 2):
 garbage-first heap   total 358400K, used 269175K [0x0000000746600000, 0x0000000800000000)
  region size 2048K, 57 young (116736K), 4 survivors (8192K)
 Metaspace       used 26488K, committed 26752K, reserved 1073152K
  class space    used 2458K, committed 2560K, reserved 1048576K
}
Event: 4184.211 GC heap after
{Heap after GC invocations=120 (full 2):
 garbage-first heap   total 358400K, used 146638K [0x0000000746600000, 0x0000000800000000)
  region size 2048K, 5 young (10240K), 5 survivors (10240K)
 Metaspace       used 26488K, committed 26752K, reserved 1073152K
  class space    used 2458K, committed 2560K, reserved 1048576K
}
Event: 4265.277 GC heap before
{Heap before GC invocations=120 (full 2):
 garbage-first heap   total 358400K, used 191694K [0x0000000746600000, 0x0000000800000000)
  region size 2048K, 19 young (38912K), 5 survivors (10240K)
 Metaspace       used 26534K, committed 26816K, reserved 1073152K
  class space    used 2458K, committed 2560K, reserved 1048576K
}
Event: 4265.287 GC heap after
{Heap after GC invocations=121 (full 2):
 garbage-first heap   total 358400K, used 75107K [0x0000000746600000, 0x0000000800000000)
  region size 2048K, 5 young (10240K), 5 survivors (10240K)
 Metaspace       used 26534K, committed 26816K, reserved 1073152K
  class space    used 2458K, committed 2560K, reserved 1048576K
}
Event: 4278.154 GC heap before
{Heap before GC invocations=121 (full 2):
 garbage-first heap   total 358400K, used 214371K [0x0000000746600000, 0x0000000800000000)
  region size 2048K, 35 young (71680K), 5 survivors (10240K)
 Metaspace       used 26569K, committed 26816K, reserved 1073152K
  class space    used 2458K, committed 2560K, reserved 1048576K
}
Event: 4278.164 GC heap after
{Heap after GC invocations=122 (full 2):
 garbage-first heap   total 358400K, used 134588K [0x0000000746600000, 0x0000000800000000)
  region size 2048K, 6 young (12288K), 6 survivors (12288K)
 Metaspace       used 26569K, committed 26816K, reserved 1073152K
  class space    used 2458K, committed 2560K, reserved 1048576K
}
Event: 4281.130 GC heap before
{Heap before GC invocations=122 (full 2):
 garbage-first heap   total 358400K, used 189884K [0x0000000746600000, 0x0000000800000000)
  region size 2048K, 18 young (36864K), 6 survivors (12288K)
 Metaspace       used 26569K, committed 26816K, reserved 1073152K
  class space    used 2458K, committed 2560K, reserved 1048576K
}
Event: 4281.147 GC heap after
{Heap after GC invocations=123 (full 2):
 garbage-first heap   total 358400K, used 93415K [0x0000000746600000, 0x0000000800000000)
  region size 2048K, 5 young (10240K), 5 survivors (10240K)
 Metaspace       used 26569K, committed 26816K, reserved 1073152K
  class space    used 2458K, committed 2560K, reserved 1048576K
}

